{"/Users/karimourrai/java-journey-portfolio/src/App.tsx": {"path":"/Users/karimourrai/java-journey-portfolio/src/App.tsx","statementMap":{"0":{"start":{"line":1,"column":0},"end":{"line":1,"column":44}},"1":{"start":{"line":2,"column":0},"end":{"line":2,"column":49}},"2":{"start":{"line":3,"column":0},"end":{"line":3,"column":53}},"3":{"start":{"line":4,"column":0},"end":{"line":4,"column":41}},"4":{"start":{"line":5,"column":0},"end":{"line":5,"column":32}},"5":{"start":{"line":6,"column":0},"end":{"line":6,"column":44}},"6":{"start":{"line":7,"column":0},"end":{"line":7,"column":42}},"7":{"start":{"line":8,"column":0},"end":{"line":8,"column":36}},"8":{"start":{"line":9,"column":0},"end":{"line":9,"column":38}},"9":{"start":{"line":10,"column":0},"end":{"line":10,"column":21}},"10":{"start":{"line":12,"column":12},"end":{"line":34,"column":null}},"11":{"start":{"line":13,"column":2},"end":{"line":33,"column":null}},"12":{"start":{"line":37,"column":0},"end":{"line":37,"column":19}}},"fnMap":{"0":{"name":"(anonymous_1)","decl":{"start":{"line":12,"column":12},"end":{"line":12,"column":15}},"loc":{"start":{"line":13,"column":2},"end":{"line":33,"column":null}}}},"branchMap":{},"s":{"0":1,"1":1,"2":1,"3":1,"4":1,"5":1,"6":1,"7":1,"8":1,"9":1,"10":1,"11":1,"12":1},"f":{"0":1},"b":{}}
,"/Users/karimourrai/java-journey-portfolio/src/components/Footer.tsx": {"path":"/Users/karimourrai/java-journey-portfolio/src/components/Footer.tsx","statementMap":{"0":{"start":{"line":1,"column":0},"end":{"line":1,"column":39}},"1":{"start":{"line":2,"column":0},"end":{"line":2,"column":47}},"2":{"start":{"line":4,"column":15},"end":{"line":16,"column":1}},"3":{"start":{"line":5,"column":20},"end":{"line":5,"column":30}},"4":{"start":{"line":6,"column":16},"end":{"line":6,"column":32}},"5":{"start":{"line":7,"column":22},"end":{"line":7,"column":46}},"6":{"start":{"line":9,"column":2},"end":{"line":15,"column":4}},"7":{"start":{"line":18,"column":0},"end":{"line":18,"column":22}}},"fnMap":{"0":{"name":"(anonymous_0)","decl":{"start":{"line":4,"column":15},"end":{"line":4,"column":18}},"loc":{"start":{"line":4,"column":20},"end":{"line":16,"column":1}}}},"branchMap":{"0":{"loc":{"start":{"line":10,"column":81},"end":{"line":10,"column":162}},"type":"cond-expr","locations":[{"start":{"line":10,"column":101},"end":{"line":10,"column":128}},{"start":{"line":10,"column":131},"end":{"line":10,"column":162}}]},"1":{"loc":{"start":{"line":10,"column":192},"end":{"line":10,"column":255}},"type":"cond-expr","locations":[{"start":{"line":10,"column":212},"end":{"line":10,"column":232}},{"start":{"line":10,"column":235},"end":{"line":10,"column":255}}]}},"s":{"0":2,"1":2,"2":2,"3":3,"4":3,"5":3,"6":3,"7":2},"f":{"0":3},"b":{"0":[1,2],"1":[1,2]}}
,"/Users/karimourrai/java-journey-portfolio/src/components/LanguageSwitcher.tsx": {"path":"/Users/karimourrai/java-journey-portfolio/src/components/LanguageSwitcher.tsx","statementMap":{"0":{"start":{"line":1,"column":0},"end":{"line":1,"column":47}},"1":{"start":{"line":2,"column":0},"end":{"line":2,"column":39}},"2":{"start":{"line":3,"column":0},"end":{"line":3,"column":37}},"3":{"start":{"line":5,"column":25},"end":{"line":63,"column":1}},"4":{"start":{"line":6,"column":22},"end":{"line":6,"column":38}},"5":{"start":{"line":7,"column":20},"end":{"line":7,"column":30}},"6":{"start":{"line":9,"column":20},"end":{"line":13,"column":4}},"7":{"start":{"line":15,"column":25},"end":{"line":19,"column":3}},"8":{"start":{"line":16,"column":4},"end":{"line":16,"column":38}},"9":{"start":{"line":18,"column":4},"end":{"line":18,"column":73}},"10":{"start":{"line":21,"column":2},"end":{"line":62,"column":4}},"11":{"start":{"line":28,"column":25},"end":{"line":28,"column":55}},"12":{"start":{"line":49,"column":10},"end":{"line":50,"column":null}},"13":{"start":{"line":65,"column":0},"end":{"line":65,"column":32}}},"fnMap":{"0":{"name":"(anonymous_0)","decl":{"start":{"line":5,"column":25},"end":{"line":5,"column":28}},"loc":{"start":{"line":5,"column":30},"end":{"line":63,"column":1}}},"1":{"name":"(anonymous_1)","decl":{"start":{"line":15,"column":25},"end":{"line":15,"column":26}},"loc":{"start":{"line":15,"column":50},"end":{"line":19,"column":3}}},"2":{"name":"(anonymous_2)","decl":{"start":{"line":28,"column":18},"end":{"line":28,"column":19}},"loc":{"start":{"line":28,"column":25},"end":{"line":28,"column":55}}},"3":{"name":"(anonymous_3)","decl":{"start":{"line":48,"column":23},"end":{"line":48,"column":24}},"loc":{"start":{"line":49,"column":10},"end":{"line":50,"column":null}}}},"branchMap":{"0":{"loc":{"start":{"line":18,"column":35},"end":{"line":18,"column":72}},"type":"cond-expr","locations":[{"start":{"line":18,"column":59},"end":{"line":18,"column":64}},{"start":{"line":18,"column":67},"end":{"line":18,"column":72}}]},"1":{"loc":{"start":{"line":23,"column":44},"end":{"line":23,"column":87}},"type":"cond-expr","locations":[{"start":{"line":23,"column":67},"end":{"line":23,"column":76}},{"start":{"line":23,"column":79},"end":{"line":23,"column":87}}]},"2":{"loc":{"start":{"line":24,"column":8},"end":{"line":24,"column":null}},"type":"cond-expr","locations":[{"start":{"line":24,"column":28},"end":{"line":24,"column":43}},{"start":{"line":24,"column":46},"end":{"line":24,"column":null}}]},"3":{"loc":{"start":{"line":32,"column":12},"end":{"line":32,"column":60}},"type":"cond-expr","locations":[{"start":{"line":32,"column":35},"end":{"line":32,"column":46}},{"start":{"line":32,"column":49},"end":{"line":32,"column":60}}]},"4":{"loc":{"start":{"line":42,"column":12},"end":{"line":44,"column":null}},"type":"cond-expr","locations":[{"start":{"line":43,"column":16},"end":{"line":43,"column":81}},{"start":{"line":44,"column":16},"end":{"line":44,"column":null}}]},"5":{"loc":{"start":{"line":53,"column":16},"end":{"line":53,"column":69}},"type":"cond-expr","locations":[{"start":{"line":53,"column":36},"end":{"line":53,"column":51}},{"start":{"line":53,"column":54},"end":{"line":53,"column":69}}]},"6":{"loc":{"start":{"line":54,"column":16},"end":{"line":54,"column":63}},"type":"cond-expr","locations":[{"start":{"line":54,"column":36},"end":{"line":54,"column":46}},{"start":{"line":54,"column":49},"end":{"line":54,"column":63}}]}},"s":{"0":1,"1":1,"2":1,"3":1,"4":2,"5":2,"6":2,"7":2,"8":0,"9":0,"10":2,"11":0,"12":6,"13":1},"f":{"0":2,"1":0,"2":0,"3":6},"b":{"0":[0,0],"1":[0,2],"2":[0,2],"3":[0,2],"4":[0,2],"5":[0,6],"6":[0,6]}}
,"/Users/karimourrai/java-journey-portfolio/src/components/Navigation.tsx": {"path":"/Users/karimourrai/java-journey-portfolio/src/components/Navigation.tsx","statementMap":{"0":{"start":{"line":1,"column":0},"end":{"line":1,"column":40}},"1":{"start":{"line":2,"column":0},"end":{"line":2,"column":39}},"2":{"start":{"line":3,"column":0},"end":{"line":3,"column":39}},"3":{"start":{"line":4,"column":0},"end":{"line":4,"column":33}},"4":{"start":{"line":5,"column":0},"end":{"line":5,"column":47}},"5":{"start":{"line":6,"column":0},"end":{"line":6,"column":50}},"6":{"start":{"line":8,"column":19},"end":{"line":86,"column":1}},"7":{"start":{"line":9,"column":20},"end":{"line":9,"column":30}},"8":{"start":{"line":10,"column":22},"end":{"line":10,"column":38}},"9":{"start":{"line":11,"column":38},"end":{"line":11,"column":53}},"10":{"start":{"line":12,"column":16},"end":{"line":12,"column":36}},"11":{"start":{"line":14,"column":26},"end":{"line":18,"column":3}},"12":{"start":{"line":15,"column":20},"end":{"line":15,"column":47}},"13":{"start":{"line":16,"column":4},"end":{"line":16,"column":52}},"14":{"start":{"line":17,"column":4},"end":{"line":17,"column":25}},"15":{"start":{"line":20,"column":2},"end":{"line":85,"column":4}},"16":{"start":{"line":25,"column":25},"end":{"line":25,"column":51}},"17":{"start":{"line":47,"column":27},"end":{"line":47,"column":50}},"18":{"start":{"line":53,"column":27},"end":{"line":53,"column":56}},"19":{"start":{"line":59,"column":27},"end":{"line":59,"column":55}},"20":{"start":{"line":65,"column":27},"end":{"line":65,"column":53}},"21":{"start":{"line":81,"column":25},"end":{"line":81,"column":45}},"22":{"start":{"line":88,"column":0},"end":{"line":88,"column":26}}},"fnMap":{"0":{"name":"(anonymous_1)","decl":{"start":{"line":8,"column":19},"end":{"line":8,"column":22}},"loc":{"start":{"line":8,"column":24},"end":{"line":86,"column":1}}},"1":{"name":"(anonymous_2)","decl":{"start":{"line":14,"column":26},"end":{"line":14,"column":27}},"loc":{"start":{"line":14,"column":41},"end":{"line":18,"column":3}}},"2":{"name":"(anonymous_3)","decl":{"start":{"line":25,"column":19},"end":{"line":25,"column":22}},"loc":{"start":{"line":25,"column":25},"end":{"line":25,"column":51}}},"3":{"name":"(anonymous_4)","decl":{"start":{"line":47,"column":21},"end":{"line":47,"column":24}},"loc":{"start":{"line":47,"column":27},"end":{"line":47,"column":50}}},"4":{"name":"(anonymous_5)","decl":{"start":{"line":53,"column":21},"end":{"line":53,"column":24}},"loc":{"start":{"line":53,"column":27},"end":{"line":53,"column":56}}},"5":{"name":"(anonymous_6)","decl":{"start":{"line":59,"column":21},"end":{"line":59,"column":24}},"loc":{"start":{"line":59,"column":27},"end":{"line":59,"column":55}}},"6":{"name":"(anonymous_7)","decl":{"start":{"line":65,"column":21},"end":{"line":65,"column":24}},"loc":{"start":{"line":65,"column":27},"end":{"line":65,"column":53}}},"7":{"name":"(anonymous_8)","decl":{"start":{"line":81,"column":19},"end":{"line":81,"column":22}},"loc":{"start":{"line":81,"column":25},"end":{"line":81,"column":45}}}},"branchMap":{"0":{"loc":{"start":{"line":16,"column":4},"end":{"line":16,"column":51}},"type":"cond-expr","locations":[{"start":{"line":16,"column":11},"end":{"line":16,"column":13}},{"start":{"line":16,"column":4},"end":{"line":16,"column":51}}]},"1":{"loc":{"start":{"line":16,"column":4},"end":{"line":16,"column":13}},"type":"binary-expr","locations":[{"start":{"line":16,"column":4},"end":{"line":16,"column":13}},{"start":{"line":16,"column":4},"end":{"line":16,"column":13}}]},"2":{"loc":{"start":{"line":23,"column":50},"end":{"line":23,"column":78}},"type":"cond-expr","locations":[{"start":{"line":23,"column":58},"end":{"line":23,"column":66}},{"start":{"line":23,"column":69},"end":{"line":23,"column":78}}]},"3":{"loc":{"start":{"line":29,"column":11},"end":{"line":32,"column":null}},"type":"cond-expr","locations":[{"start":{"line":30,"column":12},"end":{"line":30,"column":51}},{"start":{"line":32,"column":12},"end":{"line":32,"column":54}}]},"4":{"loc":{"start":{"line":39,"column":34},"end":{"line":39,"column":62}},"type":"cond-expr","locations":[{"start":{"line":39,"column":42},"end":{"line":39,"column":50}},{"start":{"line":39,"column":53},"end":{"line":39,"column":62}}]},"5":{"loc":{"start":{"line":40,"column":10},"end":{"line":42,"column":null}},"type":"cond-expr","locations":[{"start":{"line":41,"column":14},"end":{"line":41,"column":82}},{"start":{"line":42,"column":14},"end":{"line":42,"column":null}}]},"6":{"loc":{"start":{"line":42,"column":17},"end":{"line":42,"column":65}},"type":"cond-expr","locations":[{"start":{"line":42,"column":25},"end":{"line":42,"column":44}},{"start":{"line":42,"column":47},"end":{"line":42,"column":65}}]},"7":{"loc":{"start":{"line":43,"column":12},"end":{"line":43,"column":81}},"type":"cond-expr","locations":[{"start":{"line":43,"column":46},"end":{"line":43,"column":76}},{"start":{"line":43,"column":79},"end":{"line":43,"column":81}}]},"8":{"loc":{"start":{"line":43,"column":12},"end":{"line":43,"column":43}},"type":"binary-expr","locations":[{"start":{"line":43,"column":12},"end":{"line":43,"column":29}},{"start":{"line":43,"column":33},"end":{"line":43,"column":43}}]},"9":{"loc":{"start":{"line":48,"column":26},"end":{"line":48,"column":79}},"type":"cond-expr","locations":[{"start":{"line":48,"column":46},"end":{"line":48,"column":61}},{"start":{"line":48,"column":64},"end":{"line":48,"column":79}}]},"10":{"loc":{"start":{"line":48,"column":147},"end":{"line":48,"column":181}},"type":"cond-expr","locations":[{"start":{"line":48,"column":155},"end":{"line":48,"column":167}},{"start":{"line":48,"column":170},"end":{"line":48,"column":181}}]},"11":{"loc":{"start":{"line":54,"column":26},"end":{"line":54,"column":79}},"type":"cond-expr","locations":[{"start":{"line":54,"column":46},"end":{"line":54,"column":61}},{"start":{"line":54,"column":64},"end":{"line":54,"column":79}}]},"12":{"loc":{"start":{"line":54,"column":147},"end":{"line":54,"column":181}},"type":"cond-expr","locations":[{"start":{"line":54,"column":155},"end":{"line":54,"column":167}},{"start":{"line":54,"column":170},"end":{"line":54,"column":181}}]},"13":{"loc":{"start":{"line":60,"column":26},"end":{"line":60,"column":79}},"type":"cond-expr","locations":[{"start":{"line":60,"column":46},"end":{"line":60,"column":61}},{"start":{"line":60,"column":64},"end":{"line":60,"column":79}}]},"14":{"loc":{"start":{"line":60,"column":147},"end":{"line":60,"column":181}},"type":"cond-expr","locations":[{"start":{"line":60,"column":155},"end":{"line":60,"column":167}},{"start":{"line":60,"column":170},"end":{"line":60,"column":181}}]},"15":{"loc":{"start":{"line":66,"column":26},"end":{"line":66,"column":79}},"type":"cond-expr","locations":[{"start":{"line":66,"column":46},"end":{"line":66,"column":61}},{"start":{"line":66,"column":64},"end":{"line":66,"column":79}}]},"16":{"loc":{"start":{"line":66,"column":147},"end":{"line":66,"column":181}},"type":"cond-expr","locations":[{"start":{"line":66,"column":155},"end":{"line":66,"column":167}},{"start":{"line":66,"column":170},"end":{"line":66,"column":181}}]},"17":{"loc":{"start":{"line":70,"column":55},"end":{"line":70,"column":110}},"type":"cond-expr","locations":[{"start":{"line":70,"column":68},"end":{"line":70,"column":105}},{"start":{"line":70,"column":108},"end":{"line":70,"column":110}}]},"18":{"loc":{"start":{"line":78,"column":7},"end":{"line":82,"column":null}},"type":"binary-expr","locations":[{"start":{"line":78,"column":7},"end":{"line":78,"column":17}},{"start":{"line":79,"column":8},"end":{"line":81,"column":null}}]}},"s":{"0":1,"1":1,"2":1,"3":1,"4":1,"5":1,"6":1,"7":2,"8":2,"9":2,"10":2,"11":2,"12":0,"13":0,"14":0,"15":2,"16":0,"17":0,"18":0,"19":0,"20":0,"21":0,"22":1},"f":{"0":2,"1":0,"2":0,"3":0,"4":0,"5":0,"6":0,"7":0},"b":{"0":[0,0],"1":[0,0],"2":[0,2],"3":[0,2],"4":[0,2],"5":[0,2],"6":[0,2],"7":[0,2],"8":[2,0],"9":[0,2],"10":[0,2],"11":[0,2],"12":[0,2],"13":[0,2],"14":[0,2],"15":[0,2],"16":[0,2],"17":[0,2],"18":[2,0]}}
,"/Users/karimourrai/java-journey-portfolio/src/components/ParticleGrid.tsx": {"path":"/Users/karimourrai/java-journey-portfolio/src/components/ParticleGrid.tsx","statementMap":{"0":{"start":{"line":1,"column":0},"end":{"line":1,"column":42}},"1":{"start":{"line":2,"column":0},"end":{"line":2,"column":39}},"2":{"start":{"line":18,"column":4},"end":{"line":18,"column":15}},"3":{"start":{"line":19,"column":4},"end":{"line":19,"column":15}},"4":{"start":{"line":20,"column":4},"end":{"line":20,"column":21}},"5":{"start":{"line":21,"column":4},"end":{"line":21,"column":21}},"6":{"start":{"line":22,"column":4},"end":{"line":22,"column":16}},"7":{"start":{"line":23,"column":4},"end":{"line":23,"column":16}},"8":{"start":{"line":24,"column":4},"end":{"line":24,"column":21}},"9":{"start":{"line":25,"column":4},"end":{"line":25,"column":29}},"10":{"start":{"line":26,"column":4},"end":{"line":26,"column":24}},"11":{"start":{"line":27,"column":4},"end":{"line":27,"column":24}},"12":{"start":{"line":28,"column":4},"end":{"line":28,"column":30}},"13":{"start":{"line":32,"column":15},"end":{"line":32,"column":30}},"14":{"start":{"line":33,"column":15},"end":{"line":33,"column":30}},"15":{"start":{"line":34,"column":21},"end":{"line":34,"column":49}},"16":{"start":{"line":35,"column":18},"end":{"line":35,"column":56}},"17":{"start":{"line":38,"column":20},"end":{"line":38,"column":65}},"18":{"start":{"line":39,"column":20},"end":{"line":39,"column":65}},"19":{"start":{"line":42,"column":4},"end":{"line":56,"column":5}},"20":{"start":{"line":44,"column":6},"end":{"line":44,"column":59}},"21":{"start":{"line":45,"column":6},"end":{"line":45,"column":60}},"22":{"start":{"line":47,"column":20},"end":{"line":47,"column":38}},"23":{"start":{"line":48,"column":20},"end":{"line":48,"column":47}},"24":{"start":{"line":49,"column":20},"end":{"line":49,"column":47}},"25":{"start":{"line":51,"column":6},"end":{"line":51,"column":23}},"26":{"start":{"line":52,"column":6},"end":{"line":52,"column":23}},"27":{"start":{"line":54,"column":6},"end":{"line":54,"column":110}},"28":{"start":{"line":55,"column":6},"end":{"line":55,"column":36}},"29":{"start":{"line":59,"column":4},"end":{"line":59,"column":34}},"30":{"start":{"line":62,"column":4},"end":{"line":62,"column":23}},"31":{"start":{"line":63,"column":4},"end":{"line":63,"column":23}},"32":{"start":{"line":66,"column":4},"end":{"line":66,"column":19}},"33":{"start":{"line":67,"column":4},"end":{"line":67,"column":19}},"34":{"start":{"line":70,"column":18},"end":{"line":70,"column":66}},"35":{"start":{"line":71,"column":4},"end":{"line":74,"column":5}},"36":{"start":{"line":72,"column":6},"end":{"line":72,"column":50}},"37":{"start":{"line":73,"column":6},"end":{"line":73,"column":50}},"38":{"start":{"line":77,"column":4},"end":{"line":77,"column":22}},"39":{"start":{"line":78,"column":4},"end":{"line":78,"column":22}},"40":{"start":{"line":82,"column":16},"end":{"line":82,"column":39}},"41":{"start":{"line":83,"column":4},"end":{"line":83,"column":21}},"42":{"start":{"line":83,"column":14},"end":{"line":83,"column":21}},"43":{"start":{"line":86,"column":4},"end":{"line":103,"column":5}},"44":{"start":{"line":87,"column":23},"end":{"line":89,"column":null}},"45":{"start":{"line":92,"column":24},"end":{"line":94,"column":50}},"46":{"start":{"line":96,"column":6},"end":{"line":96,"column":42}},"47":{"start":{"line":97,"column":6},"end":{"line":97,"column":56}},"48":{"start":{"line":99,"column":6},"end":{"line":99,"column":31}},"49":{"start":{"line":100,"column":6},"end":{"line":100,"column":22}},"50":{"start":{"line":101,"column":6},"end":{"line":101,"column":61}},"51":{"start":{"line":102,"column":6},"end":{"line":102,"column":17}},"52":{"start":{"line":106,"column":4},"end":{"line":106,"column":30}},"53":{"start":{"line":107,"column":4},"end":{"line":107,"column":20}},"54":{"start":{"line":108,"column":4},"end":{"line":108,"column":55}},"55":{"start":{"line":109,"column":4},"end":{"line":109,"column":15}},"56":{"start":{"line":112,"column":26},"end":{"line":112,"column":28}},"57":{"start":{"line":113,"column":23},"end":{"line":113,"column":26}},"58":{"start":{"line":115,"column":4},"end":{"line":133,"column":7}},"59":{"start":{"line":116,"column":6},"end":{"line":116,"column":33}},"60":{"start":{"line":116,"column":26},"end":{"line":116,"column":33}},"61":{"start":{"line":118,"column":17},"end":{"line":118,"column":33}},"62":{"start":{"line":119,"column":17},"end":{"line":119,"column":33}},"63":{"start":{"line":120,"column":19},"end":{"line":120,"column":47}},"64":{"start":{"line":122,"column":6},"end":{"line":132,"column":7}},"65":{"start":{"line":123,"column":24},"end":{"line":123,"column":72}},"66":{"start":{"line":124,"column":8},"end":{"line":126,"column":52}},"67":{"start":{"line":127,"column":8},"end":{"line":127,"column":26}},"68":{"start":{"line":128,"column":8},"end":{"line":128,"column":24}},"69":{"start":{"line":129,"column":8},"end":{"line":129,"column":35}},"70":{"start":{"line":130,"column":8},"end":{"line":130,"column":37}},"71":{"start":{"line":131,"column":8},"end":{"line":131,"column":21}},"72":{"start":{"line":137,"column":21},"end":{"line":231,"column":1}},"73":{"start":{"line":138,"column":20},"end":{"line":138,"column":51}},"74":{"start":{"line":139,"column":20},"end":{"line":139,"column":30}},"75":{"start":{"line":140,"column":23},"end":{"line":140,"column":45}},"76":{"start":{"line":141,"column":19},"end":{"line":141,"column":54}},"77":{"start":{"line":142,"column":28},"end":{"line":142,"column":44}},"78":{"start":{"line":143,"column":22},"end":{"line":143,"column":31}},"79":{"start":{"line":144,"column":22},"end":{"line":144,"column":31}},"80":{"start":{"line":146,"column":2},"end":{"line":222,"column":14}},"81":{"start":{"line":147,"column":19},"end":{"line":147,"column":36}},"82":{"start":{"line":148,"column":4},"end":{"line":148,"column":24}},"83":{"start":{"line":148,"column":17},"end":{"line":148,"column":24}},"84":{"start":{"line":150,"column":16},"end":{"line":150,"column":39}},"85":{"start":{"line":151,"column":4},"end":{"line":151,"column":21}},"86":{"start":{"line":151,"column":14},"end":{"line":151,"column":21}},"87":{"start":{"line":153,"column":25},"end":{"line":156,"column":5}},"88":{"start":{"line":154,"column":6},"end":{"line":154,"column":39}},"89":{"start":{"line":155,"column":6},"end":{"line":155,"column":41}},"90":{"start":{"line":158,"column":26},"end":{"line":169,"column":5}},"91":{"start":{"line":159,"column":6},"end":{"line":159,"column":32}},"92":{"start":{"line":160,"column":22},"end":{"line":160,"column":24}},"93":{"start":{"line":161,"column":19},"end":{"line":161,"column":22}},"94":{"start":{"line":164,"column":6},"end":{"line":168,"column":7}},"95":{"start":{"line":164,"column":19},"end":{"line":164,"column":26}},"96":{"start":{"line":165,"column":8},"end":{"line":167,"column":9}},"97":{"start":{"line":165,"column":21},"end":{"line":165,"column":28}},"98":{"start":{"line":166,"column":10},"end":{"line":166,"column":62}},"99":{"start":{"line":171,"column":20},"end":{"line":189,"column":5}},"100":{"start":{"line":172,"column":6},"end":{"line":172,"column":34}},"101":{"start":{"line":172,"column":27},"end":{"line":172,"column":34}},"102":{"start":{"line":174,"column":6},"end":{"line":174,"column":55}},"103":{"start":{"line":176,"column":23},"end":{"line":178,"column":36}},"104":{"start":{"line":180,"column":6},"end":{"line":183,"column":9}},"105":{"start":{"line":181,"column":8},"end":{"line":181,"column":110}},"106":{"start":{"line":182,"column":8},"end":{"line":182,"column":76}},"107":{"start":{"line":186,"column":6},"end":{"line":186,"column":34}},"108":{"start":{"line":188,"column":6},"end":{"line":188,"column":65}},"109":{"start":{"line":191,"column":28},"end":{"line":194,"column":5}},"110":{"start":{"line":192,"column":6},"end":{"line":192,"column":37}},"111":{"start":{"line":193,"column":6},"end":{"line":193,"column":37}},"112":{"start":{"line":196,"column":25},"end":{"line":200,"column":5}},"113":{"start":{"line":197,"column":29},"end":{"line":197,"column":43}},"114":{"start":{"line":198,"column":6},"end":{"line":198,"column":73}},"115":{"start":{"line":199,"column":6},"end":{"line":199,"column":43}},"116":{"start":{"line":202,"column":25},"end":{"line":205,"column":5}},"117":{"start":{"line":203,"column":6},"end":{"line":203,"column":21}},"118":{"start":{"line":204,"column":6},"end":{"line":204,"column":22}},"119":{"start":{"line":207,"column":4},"end":{"line":207,"column":58}},"120":{"start":{"line":208,"column":4},"end":{"line":208,"column":52}},"121":{"start":{"line":209,"column":4},"end":{"line":209,"column":52}},"122":{"start":{"line":211,"column":4},"end":{"line":211,"column":19}},"123":{"start":{"line":212,"column":4},"end":{"line":212,"column":14}},"124":{"start":{"line":214,"column":4},"end":{"line":221,"column":6}},"125":{"start":{"line":215,"column":6},"end":{"line":215,"column":63}},"126":{"start":{"line":216,"column":6},"end":{"line":216,"column":57}},"127":{"start":{"line":217,"column":6},"end":{"line":217,"column":57}},"128":{"start":{"line":218,"column":6},"end":{"line":220,"column":7}},"129":{"start":{"line":219,"column":8},"end":{"line":219,"column":56}},"130":{"start":{"line":224,"column":2},"end":{"line":230,"column":4}},"131":{"start":{"line":233,"column":0},"end":{"line":233,"column":28}}},"fnMap":{"0":{"name":"(anonymous_0)","decl":{"start":{"line":17,"column":2},"end":{"line":17,"column":14}},"loc":{"start":{"line":17,"column":48},"end":{"line":29,"column":3}}},"1":{"name":"(anonymous_1)","decl":{"start":{"line":31,"column":2},"end":{"line":31,"column":8}},"loc":{"start":{"line":31,"column":81},"end":{"line":79,"column":3}}},"2":{"name":"(anonymous_2)","decl":{"start":{"line":81,"column":2},"end":{"line":81,"column":6}},"loc":{"start":{"line":81,"column":93},"end":{"line":134,"column":3}}},"3":{"name":"(anonymous_3)","decl":{"start":{"line":115,"column":22},"end":{"line":115,"column":27}},"loc":{"start":{"line":115,"column":30},"end":{"line":133,"column":5}}},"4":{"name":"(anonymous_4)","decl":{"start":{"line":137,"column":21},"end":{"line":137,"column":24}},"loc":{"start":{"line":137,"column":26},"end":{"line":231,"column":1}}},"5":{"name":"(anonymous_5)","decl":{"start":{"line":146,"column":12},"end":{"line":146,"column":15}},"loc":{"start":{"line":146,"column":17},"end":{"line":222,"column":3}}},"6":{"name":"(anonymous_6)","decl":{"start":{"line":153,"column":25},"end":{"line":153,"column":28}},"loc":{"start":{"line":153,"column":30},"end":{"line":156,"column":5}}},"7":{"name":"(anonymous_7)","decl":{"start":{"line":158,"column":26},"end":{"line":158,"column":29}},"loc":{"start":{"line":158,"column":31},"end":{"line":169,"column":5}}},"8":{"name":"(anonymous_8)","decl":{"start":{"line":171,"column":20},"end":{"line":171,"column":23}},"loc":{"start":{"line":171,"column":25},"end":{"line":189,"column":5}}},"9":{"name":"(anonymous_9)","decl":{"start":{"line":180,"column":35},"end":{"line":180,"column":43}},"loc":{"start":{"line":180,"column":46},"end":{"line":183,"column":7}}},"10":{"name":"(anonymous_10)","decl":{"start":{"line":191,"column":28},"end":{"line":191,"column":29}},"loc":{"start":{"line":191,"column":46},"end":{"line":194,"column":5}}},"11":{"name":"(anonymous_11)","decl":{"start":{"line":196,"column":25},"end":{"line":196,"column":28}},"loc":{"start":{"line":196,"column":30},"end":{"line":200,"column":5}}},"12":{"name":"(anonymous_12)","decl":{"start":{"line":202,"column":25},"end":{"line":202,"column":28}},"loc":{"start":{"line":202,"column":30},"end":{"line":205,"column":5}}},"13":{"name":"(anonymous_13)","decl":{"start":{"line":214,"column":11},"end":{"line":214,"column":14}},"loc":{"start":{"line":214,"column":16},"end":{"line":221,"column":5}}}},"branchMap":{"0":{"loc":{"start":{"line":42,"column":4},"end":{"line":56,"column":5}},"type":"if","locations":[{"start":{"line":42,"column":4},"end":{"line":56,"column":5}},{"start":{"line":53,"column":11},"end":{"line":56,"column":5}}]},"1":{"loc":{"start":{"line":71,"column":4},"end":{"line":74,"column":5}},"type":"if","locations":[{"start":{"line":71,"column":4},"end":{"line":74,"column":5}}]},"2":{"loc":{"start":{"line":83,"column":4},"end":{"line":83,"column":21}},"type":"if","locations":[{"start":{"line":83,"column":4},"end":{"line":83,"column":21}}]},"3":{"loc":{"start":{"line":86,"column":4},"end":{"line":103,"column":5}},"type":"if","locations":[{"start":{"line":86,"column":4},"end":{"line":103,"column":5}}]},"4":{"loc":{"start":{"line":92,"column":24},"end":{"line":94,"column":50}},"type":"cond-expr","locations":[{"start":{"line":93,"column":10},"end":{"line":93,"column":50}},{"start":{"line":94,"column":10},"end":{"line":94,"column":50}}]},"5":{"loc":{"start":{"line":116,"column":6},"end":{"line":116,"column":33}},"type":"if","locations":[{"start":{"line":116,"column":6},"end":{"line":116,"column":33}}]},"6":{"loc":{"start":{"line":122,"column":6},"end":{"line":132,"column":7}},"type":"if","locations":[{"start":{"line":122,"column":6},"end":{"line":132,"column":7}}]},"7":{"loc":{"start":{"line":124,"column":26},"end":{"line":126,"column":51}},"type":"cond-expr","locations":[{"start":{"line":125,"column":12},"end":{"line":125,"column":48}},{"start":{"line":126,"column":12},"end":{"line":126,"column":51}}]},"8":{"loc":{"start":{"line":148,"column":4},"end":{"line":148,"column":24}},"type":"if","locations":[{"start":{"line":148,"column":4},"end":{"line":148,"column":24}}]},"9":{"loc":{"start":{"line":151,"column":4},"end":{"line":151,"column":21}},"type":"if","locations":[{"start":{"line":151,"column":4},"end":{"line":151,"column":21}}]},"10":{"loc":{"start":{"line":172,"column":6},"end":{"line":172,"column":34}},"type":"if","locations":[{"start":{"line":172,"column":6},"end":{"line":172,"column":34}}]},"11":{"loc":{"start":{"line":172,"column":10},"end":{"line":172,"column":25}},"type":"binary-expr","locations":[{"start":{"line":172,"column":10},"end":{"line":172,"column":14}},{"start":{"line":172,"column":18},"end":{"line":172,"column":25}}]},"12":{"loc":{"start":{"line":176,"column":23},"end":{"line":178,"column":36}},"type":"cond-expr","locations":[{"start":{"line":177,"column":10},"end":{"line":177,"column":33}},{"start":{"line":178,"column":10},"end":{"line":178,"column":36}}]},"13":{"loc":{"start":{"line":182,"column":37},"end":{"line":182,"column":52}},"type":"binary-expr","locations":[{"start":{"line":182,"column":37},"end":{"line":182,"column":42}},{"start":{"line":182,"column":46},"end":{"line":182,"column":52}}]},"14":{"loc":{"start":{"line":218,"column":6},"end":{"line":220,"column":7}},"type":"if","locations":[{"start":{"line":218,"column":6},"end":{"line":220,"column":7}}]}},"s":{"0":2,"1":2,"2":532,"3":532,"4":532,"5":532,"6":532,"7":532,"8":532,"9":532,"10":532,"11":532,"12":532,"13":532,"14":532,"15":532,"16":532,"17":532,"18":532,"19":532,"20":2,"21":2,"22":2,"23":2,"24":2,"25":2,"26":2,"27":530,"28":530,"29":532,"30":532,"31":532,"32":532,"33":532,"34":532,"35":532,"36":0,"37":0,"38":532,"39":532,"40":532,"41":532,"42":0,"43":532,"44":2,"45":2,"46":2,"47":2,"48":2,"49":2,"50":2,"51":2,"52":532,"53":532,"54":532,"55":532,"56":532,"57":532,"58":532,"59":141512,"60":532,"61":140980,"62":140980,"63":140980,"64":140980,"65":1996,"66":1996,"67":1996,"68":1996,"69":1996,"70":1996,"71":1996,"72":2,"73":3,"74":3,"75":3,"76":3,"77":3,"78":3,"79":3,"80":3,"81":2,"82":2,"83":0,"84":2,"85":2,"86":0,"87":2,"88":2,"89":2,"90":2,"91":2,"92":2,"93":2,"94":2,"95":2,"96":28,"97":28,"98":532,"99":2,"100":2,"101":0,"102":2,"103":2,"104":2,"105":532,"106":532,"107":2,"108":2,"109":2,"110":0,"111":0,"112":2,"113":0,"114":0,"115":0,"116":2,"117":2,"118":2,"119":2,"120":2,"121":2,"122":2,"123":2,"124":2,"125":2,"126":2,"127":2,"128":2,"129":2,"130":3,"131":2},"f":{"0":532,"1":532,"2":532,"3":141512,"4":3,"5":2,"6":2,"7":2,"8":2,"9":532,"10":0,"11":0,"12":2,"13":2},"b":{"0":[2,530],"1":[0],"2":[0],"3":[2],"4":[0,2],"5":[532],"6":[1996],"7":[0,1996],"8":[0],"9":[0],"10":[0],"11":[2,2],"12":[0,2],"13":[532,266],"14":[2]}}
,"/Users/karimourrai/java-journey-portfolio/src/components/SkillLogos.tsx": {"path":"/Users/karimourrai/java-journey-portfolio/src/components/SkillLogos.tsx","statementMap":{"0":{"start":{"line":1,"column":0},"end":{"line":1,"column":39}},"1":{"start":{"line":9,"column":18},"end":{"line":28,"column":1}},"2":{"start":{"line":10,"column":20},"end":{"line":10,"column":30}},"3":{"start":{"line":12,"column":2},"end":{"line":27,"column":4}},"4":{"start":{"line":30,"column":13},"end":{"line":64,"column":2}},"5":{"start":{"line":66,"column":0},"end":{"line":66,"column":25}}},"fnMap":{"0":{"name":"(anonymous_0)","decl":{"start":{"line":9,"column":18},"end":{"line":9,"column":19}},"loc":{"start":{"line":9,"column":68},"end":{"line":28,"column":1}}}},"branchMap":{"0":{"loc":{"start":{"line":9,"column":32},"end":{"line":9,"column":46}},"type":"default-arg","locations":[{"start":{"line":9,"column":44},"end":{"line":9,"column":46}}]},"1":{"loc":{"start":{"line":15,"column":8},"end":{"line":15,"column":null}},"type":"cond-expr","locations":[{"start":{"line":15,"column":28},"end":{"line":15,"column":41}},{"start":{"line":15,"column":44},"end":{"line":15,"column":null}}]}},"s":{"0":2,"1":2,"2":72,"3":72,"4":2,"5":2},"f":{"0":72},"b":{"0":[72],"1":[24,48]}}
,"/Users/karimourrai/java-journey-portfolio/src/components/TechCube.tsx": {"path":"/Users/karimourrai/java-journey-portfolio/src/components/TechCube.tsx","statementMap":{"0":{"start":{"line":1,"column":0},"end":{"line":1,"column":52}},"1":{"start":{"line":2,"column":0},"end":{"line":2,"column":39}},"2":{"start":{"line":9,"column":31},"end":{"line":16,"column":2}},"3":{"start":{"line":18,"column":17},"end":{"line":85,"column":1}},"4":{"start":{"line":19,"column":20},"end":{"line":19,"column":30}},"5":{"start":{"line":20,"column":18},"end":{"line":20,"column":46}},"6":{"start":{"line":21,"column":40},"end":{"line":21,"column":55}},"7":{"start":{"line":22,"column":50},"end":{"line":22,"column":61}},"8":{"start":{"line":24,"column":2},"end":{"line":47,"column":38}},"9":{"start":{"line":25,"column":23},"end":{"line":40,"column":5}},"10":{"start":{"line":26,"column":6},"end":{"line":26,"column":30}},"11":{"start":{"line":26,"column":23},"end":{"line":26,"column":30}},"12":{"start":{"line":28,"column":6},"end":{"line":28,"column":27}},"13":{"start":{"line":29,"column":24},"end":{"line":29,"column":66}},"14":{"start":{"line":30,"column":19},"end":{"line":30,"column":40}},"15":{"start":{"line":32,"column":6},"end":{"line":34,"column":7}},"16":{"start":{"line":33,"column":8},"end":{"line":33,"column":140}},"17":{"start":{"line":36,"column":6},"end":{"line":39,"column":14}},"18":{"start":{"line":37,"column":8},"end":{"line":37,"column":39}},"19":{"start":{"line":38,"column":8},"end":{"line":38,"column":30}},"20":{"start":{"line":42,"column":23},"end":{"line":42,"column":52}},"21":{"start":{"line":44,"column":4},"end":{"line":46,"column":6}},"22":{"start":{"line":45,"column":6},"end":{"line":45,"column":32}},"23":{"start":{"line":49,"column":2},"end":{"line":84,"column":4}},"24":{"start":{"line":58,"column":41},"end":{"line":81,"column":10}},"25":{"start":{"line":87,"column":0},"end":{"line":87,"column":24}}},"fnMap":{"0":{"name":"(anonymous_0)","decl":{"start":{"line":18,"column":17},"end":{"line":18,"column":20}},"loc":{"start":{"line":18,"column":22},"end":{"line":85,"column":1}}},"1":{"name":"(anonymous_1)","decl":{"start":{"line":24,"column":12},"end":{"line":24,"column":15}},"loc":{"start":{"line":24,"column":17},"end":{"line":47,"column":3}}},"2":{"name":"(anonymous_2)","decl":{"start":{"line":25,"column":23},"end":{"line":25,"column":26}},"loc":{"start":{"line":25,"column":28},"end":{"line":40,"column":5}}},"3":{"name":"(anonymous_3)","decl":{"start":{"line":36,"column":17},"end":{"line":36,"column":20}},"loc":{"start":{"line":36,"column":22},"end":{"line":39,"column":7}}},"4":{"name":"(anonymous_4)","decl":{"start":{"line":44,"column":11},"end":{"line":44,"column":14}},"loc":{"start":{"line":44,"column":16},"end":{"line":46,"column":5}}},"5":{"name":"(anonymous_5)","decl":{"start":{"line":58,"column":24},"end":{"line":58,"column":25}},"loc":{"start":{"line":58,"column":40},"end":{"line":81,"column":10}}}},"branchMap":{"0":{"loc":{"start":{"line":26,"column":6},"end":{"line":26,"column":30}},"type":"if","locations":[{"start":{"line":26,"column":6},"end":{"line":26,"column":30}}]},"1":{"loc":{"start":{"line":32,"column":6},"end":{"line":34,"column":7}},"type":"if","locations":[{"start":{"line":32,"column":6},"end":{"line":34,"column":7}}]},"2":{"loc":{"start":{"line":62,"column":14},"end":{"line":62,"column":null}},"type":"cond-expr","locations":[{"start":{"line":62,"column":34},"end":{"line":62,"column":47}},{"start":{"line":62,"column":50},"end":{"line":62,"column":null}}]},"3":{"loc":{"start":{"line":66,"column":18},"end":{"line":66,"column":55}},"type":"cond-expr","locations":[{"start":{"line":66,"column":32},"end":{"line":66,"column":50}},{"start":{"line":66,"column":53},"end":{"line":66,"column":55}}]},"4":{"loc":{"start":{"line":67,"column":18},"end":{"line":67,"column":72}},"type":"cond-expr","locations":[{"start":{"line":67,"column":32},"end":{"line":67,"column":67}},{"start":{"line":67,"column":70},"end":{"line":67,"column":72}}]},"5":{"loc":{"start":{"line":68,"column":18},"end":{"line":68,"column":70}},"type":"cond-expr","locations":[{"start":{"line":68,"column":32},"end":{"line":68,"column":65}},{"start":{"line":68,"column":68},"end":{"line":68,"column":70}}]},"6":{"loc":{"start":{"line":69,"column":18},"end":{"line":69,"column":72}},"type":"cond-expr","locations":[{"start":{"line":69,"column":32},"end":{"line":69,"column":67}},{"start":{"line":69,"column":70},"end":{"line":69,"column":72}}]},"7":{"loc":{"start":{"line":70,"column":18},"end":{"line":70,"column":71}},"type":"cond-expr","locations":[{"start":{"line":70,"column":32},"end":{"line":70,"column":66}},{"start":{"line":70,"column":69},"end":{"line":70,"column":71}}]},"8":{"loc":{"start":{"line":71,"column":18},"end":{"line":71,"column":71}},"type":"cond-expr","locations":[{"start":{"line":71,"column":32},"end":{"line":71,"column":66}},{"start":{"line":71,"column":69},"end":{"line":71,"column":71}}]},"9":{"loc":{"start":{"line":77,"column":19},"end":{"line":77,"column":76}},"type":"binary-expr","locations":[{"start":{"line":77,"column":19},"end":{"line":77,"column":66}},{"start":{"line":77,"column":70},"end":{"line":77,"column":76}}]},"10":{"loc":{"start":{"line":77,"column":19},"end":{"line":77,"column":66}},"type":"cond-expr","locations":[{"start":{"line":77,"column":45},"end":{"line":77,"column":47}},{"start":{"line":77,"column":45},"end":{"line":77,"column":66}}]},"11":{"loc":{"start":{"line":77,"column":19},"end":{"line":77,"column":47}},"type":"binary-expr","locations":[{"start":{"line":77,"column":19},"end":{"line":77,"column":47}},{"start":{"line":77,"column":45},"end":{"line":77,"column":47}}]}},"s":{"0":2,"1":2,"2":2,"3":2,"4":3,"5":3,"6":3,"7":3,"8":3,"9":2,"10":0,"11":0,"12":0,"13":0,"14":0,"15":0,"16":0,"17":0,"18":0,"19":0,"20":2,"21":2,"22":2,"23":3,"24":18,"25":2},"f":{"0":3,"1":2,"2":0,"3":0,"4":2,"5":18},"b":{"0":[0],"1":[0],"2":[0,18],"3":[3,15],"4":[3,15],"5":[3,15],"6":[3,15],"7":[3,15],"8":[3,15],"9":[18,0],"10":[0,18],"11":[18,18]}}
,"/Users/karimourrai/java-journey-portfolio/src/components/ThemeToggle.tsx": {"path":"/Users/karimourrai/java-journey-portfolio/src/components/ThemeToggle.tsx","statementMap":{"0":{"start":{"line":1,"column":0},"end":{"line":1,"column":41}},"1":{"start":{"line":2,"column":0},"end":{"line":2,"column":39}},"2":{"start":{"line":3,"column":0},"end":{"line":3,"column":44}},"3":{"start":{"line":5,"column":20},"end":{"line":35,"column":1}},"4":{"start":{"line":6,"column":30},"end":{"line":6,"column":40}},"5":{"start":{"line":7,"column":32},"end":{"line":7,"column":47}},"6":{"start":{"line":10,"column":2},"end":{"line":12,"column":9}},"7":{"start":{"line":11,"column":4},"end":{"line":11,"column":21}},"8":{"start":{"line":14,"column":2},"end":{"line":16,"column":3}},"9":{"start":{"line":15,"column":4},"end":{"line":15,"column":16}},"10":{"start":{"line":18,"column":2},"end":{"line":34,"column":4}},"11":{"start":{"line":20,"column":21},"end":{"line":20,"column":66}},"12":{"start":{"line":37,"column":0},"end":{"line":37,"column":27}}},"fnMap":{"0":{"name":"(anonymous_0)","decl":{"start":{"line":5,"column":20},"end":{"line":5,"column":23}},"loc":{"start":{"line":5,"column":25},"end":{"line":35,"column":1}}},"1":{"name":"(anonymous_1)","decl":{"start":{"line":10,"column":12},"end":{"line":10,"column":15}},"loc":{"start":{"line":10,"column":17},"end":{"line":12,"column":3}}},"2":{"name":"(anonymous_2)","decl":{"start":{"line":20,"column":15},"end":{"line":20,"column":18}},"loc":{"start":{"line":20,"column":21},"end":{"line":20,"column":66}}}},"branchMap":{"0":{"loc":{"start":{"line":14,"column":2},"end":{"line":16,"column":3}},"type":"if","locations":[{"start":{"line":14,"column":2},"end":{"line":16,"column":3}}]},"1":{"loc":{"start":{"line":20,"column":30},"end":{"line":20,"column":65}},"type":"cond-expr","locations":[{"start":{"line":20,"column":49},"end":{"line":20,"column":56}},{"start":{"line":20,"column":59},"end":{"line":20,"column":65}}]},"2":{"loc":{"start":{"line":22,"column":8},"end":{"line":24,"column":null}},"type":"cond-expr","locations":[{"start":{"line":23,"column":12},"end":{"line":23,"column":47}},{"start":{"line":24,"column":12},"end":{"line":24,"column":null}}]},"3":{"loc":{"start":{"line":28,"column":7},"end":{"line":31,"column":null}},"type":"cond-expr","locations":[{"start":{"line":29,"column":8},"end":{"line":29,"column":36}},{"start":{"line":31,"column":8},"end":{"line":31,"column":35}}]}},"s":{"0":1,"1":1,"2":1,"3":1,"4":2,"5":2,"6":2,"7":1,"8":2,"9":1,"10":1,"11":0,"12":1},"f":{"0":2,"1":1,"2":0},"b":{"0":[1],"1":[0,0],"2":[1,0],"3":[1,0]}}
,"/Users/karimourrai/java-journey-portfolio/src/data/education.ts": {"path":"/Users/karimourrai/java-journey-portfolio/src/data/education.ts","statementMap":{"0":{"start":{"line":1,"column":13},"end":{"line":23,"column":2}}},"fnMap":{},"branchMap":{},"s":{"0":2},"f":{},"b":{}}
,"/Users/karimourrai/java-journey-portfolio/src/data/skillLogos.ts": {"path":"/Users/karimourrai/java-journey-portfolio/src/data/skillLogos.ts","statementMap":{"0":{"start":{"line":1,"column":13},"end":{"line":32,"column":2}}},"fnMap":{},"branchMap":{},"s":{"0":2},"f":{},"b":{}}
,"/Users/karimourrai/java-journey-portfolio/src/i18n/i18n.ts": {"path":"/Users/karimourrai/java-journey-portfolio/src/i18n/i18n.ts","statementMap":{"0":{"start":{"line":1,"column":0},"end":{"line":1,"column":27}},"1":{"start":{"line":2,"column":0},"end":{"line":2,"column":49}},"2":{"start":{"line":3,"column":0},"end":{"line":3,"column":64}},"3":{"start":{"line":4,"column":0},"end":{"line":4,"column":47}},"4":{"start":{"line":5,"column":0},"end":{"line":5,"column":47}},"5":{"start":{"line":6,"column":0},"end":{"line":6,"column":47}},"6":{"start":{"line":8,"column":0},"end":{"line":28,"column":5}},"7":{"start":{"line":30,"column":0},"end":{"line":30,"column":20}}},"fnMap":{},"branchMap":{},"s":{"0":1,"1":1,"2":1,"3":1,"4":1,"5":1,"6":1,"7":1},"f":{},"b":{}}
,"/Users/karimourrai/java-journey-portfolio/src/pages/Contact.tsx": {"path":"/Users/karimourrai/java-journey-portfolio/src/pages/Contact.tsx","statementMap":{"0":{"start":{"line":1,"column":0},"end":{"line":1,"column":54}},"1":{"start":{"line":2,"column":0},"end":{"line":2,"column":39}},"2":{"start":{"line":3,"column":0},"end":{"line":3,"column":47}},"3":{"start":{"line":5,"column":16},"end":{"line":64,"column":1}},"4":{"start":{"line":6,"column":20},"end":{"line":6,"column":30}},"5":{"start":{"line":7,"column":16},"end":{"line":7,"column":32}},"6":{"start":{"line":9,"column":2},"end":{"line":63,"column":4}},"7":{"start":{"line":66,"column":0},"end":{"line":66,"column":23}}},"fnMap":{"0":{"name":"(anonymous_0)","decl":{"start":{"line":5,"column":16},"end":{"line":5,"column":19}},"loc":{"start":{"line":5,"column":21},"end":{"line":64,"column":1}}}},"branchMap":{"0":{"loc":{"start":{"line":10,"column":36},"end":{"line":10,"column":86}},"type":"cond-expr","locations":[{"start":{"line":10,"column":56},"end":{"line":10,"column":69}},{"start":{"line":10,"column":72},"end":{"line":10,"column":86}}]},"1":{"loc":{"start":{"line":12,"column":64},"end":{"line":12,"column":114}},"type":"cond-expr","locations":[{"start":{"line":12,"column":84},"end":{"line":12,"column":99}},{"start":{"line":12,"column":102},"end":{"line":12,"column":114}}]},"2":{"loc":{"start":{"line":17,"column":14},"end":{"line":19,"column":null}},"type":"cond-expr","locations":[{"start":{"line":18,"column":18},"end":{"line":18,"column":72}},{"start":{"line":19,"column":18},"end":{"line":19,"column":null}}]},"3":{"loc":{"start":{"line":24,"column":48},"end":{"line":24,"column":98}},"type":"cond-expr","locations":[{"start":{"line":24,"column":68},"end":{"line":24,"column":83}},{"start":{"line":24,"column":86},"end":{"line":24,"column":98}}]},"4":{"loc":{"start":{"line":25,"column":31},"end":{"line":25,"column":84}},"type":"cond-expr","locations":[{"start":{"line":25,"column":51},"end":{"line":25,"column":66}},{"start":{"line":25,"column":69},"end":{"line":25,"column":84}}]},"5":{"loc":{"start":{"line":33,"column":14},"end":{"line":35,"column":null}},"type":"cond-expr","locations":[{"start":{"line":34,"column":18},"end":{"line":34,"column":72}},{"start":{"line":35,"column":18},"end":{"line":35,"column":null}}]},"6":{"loc":{"start":{"line":40,"column":48},"end":{"line":40,"column":98}},"type":"cond-expr","locations":[{"start":{"line":40,"column":68},"end":{"line":40,"column":83}},{"start":{"line":40,"column":86},"end":{"line":40,"column":98}}]},"7":{"loc":{"start":{"line":41,"column":31},"end":{"line":41,"column":84}},"type":"cond-expr","locations":[{"start":{"line":41,"column":51},"end":{"line":41,"column":66}},{"start":{"line":41,"column":69},"end":{"line":41,"column":84}}]},"8":{"loc":{"start":{"line":49,"column":14},"end":{"line":51,"column":null}},"type":"cond-expr","locations":[{"start":{"line":50,"column":18},"end":{"line":50,"column":72}},{"start":{"line":51,"column":18},"end":{"line":51,"column":null}}]},"9":{"loc":{"start":{"line":56,"column":48},"end":{"line":56,"column":98}},"type":"cond-expr","locations":[{"start":{"line":56,"column":68},"end":{"line":56,"column":83}},{"start":{"line":56,"column":86},"end":{"line":56,"column":98}}]},"10":{"loc":{"start":{"line":57,"column":31},"end":{"line":57,"column":84}},"type":"cond-expr","locations":[{"start":{"line":57,"column":51},"end":{"line":57,"column":66}},{"start":{"line":57,"column":69},"end":{"line":57,"column":84}}]}},"s":{"0":2,"1":2,"2":2,"3":2,"4":3,"5":3,"6":3,"7":2},"f":{"0":3},"b":{"0":[1,2],"1":[1,2],"2":[1,2],"3":[1,2],"4":[1,2],"5":[1,2],"6":[1,2],"7":[1,2],"8":[1,2],"9":[1,2],"10":[1,2]}}
,"/Users/karimourrai/java-journey-portfolio/src/pages/Education.tsx": {"path":"/Users/karimourrai/java-journey-portfolio/src/pages/Education.tsx","statementMap":{"0":{"start":{"line":1,"column":0},"end":{"line":1,"column":45}},"1":{"start":{"line":2,"column":0},"end":{"line":2,"column":39}},"2":{"start":{"line":3,"column":0},"end":{"line":3,"column":47}},"3":{"start":{"line":4,"column":0},"end":{"line":4,"column":46}},"4":{"start":{"line":6,"column":18},"end":{"line":35,"column":1}},"5":{"start":{"line":7,"column":20},"end":{"line":7,"column":30}},"6":{"start":{"line":8,"column":16},"end":{"line":8,"column":32}},"7":{"start":{"line":10,"column":2},"end":{"line":34,"column":4}},"8":{"start":{"line":16,"column":12},"end":{"line":16,"column":29}},"9":{"start":{"line":37,"column":0},"end":{"line":37,"column":25}}},"fnMap":{"0":{"name":"(anonymous_0)","decl":{"start":{"line":6,"column":18},"end":{"line":6,"column":21}},"loc":{"start":{"line":6,"column":23},"end":{"line":35,"column":1}}},"1":{"name":"(anonymous_1)","decl":{"start":{"line":15,"column":25},"end":{"line":15,"column":26}},"loc":{"start":{"line":16,"column":12},"end":{"line":16,"column":29}}}},"branchMap":{"0":{"loc":{"start":{"line":11,"column":47},"end":{"line":11,"column":97}},"type":"cond-expr","locations":[{"start":{"line":11,"column":67},"end":{"line":11,"column":80}},{"start":{"line":11,"column":83},"end":{"line":11,"column":97}}]},"1":{"loc":{"start":{"line":13,"column":64},"end":{"line":13,"column":114}},"type":"cond-expr","locations":[{"start":{"line":13,"column":84},"end":{"line":13,"column":99}},{"start":{"line":13,"column":102},"end":{"line":13,"column":114}}]},"2":{"loc":{"start":{"line":20,"column":48},"end":{"line":20,"column":105}},"type":"cond-expr","locations":[{"start":{"line":20,"column":68},"end":{"line":20,"column":88}},{"start":{"line":20,"column":91},"end":{"line":20,"column":105}}]},"3":{"loc":{"start":{"line":21,"column":48},"end":{"line":21,"column":98}},"type":"cond-expr","locations":[{"start":{"line":21,"column":68},"end":{"line":21,"column":83}},{"start":{"line":21,"column":86},"end":{"line":21,"column":98}}]},"4":{"loc":{"start":{"line":25,"column":35},"end":{"line":25,"column":88}},"type":"cond-expr","locations":[{"start":{"line":25,"column":55},"end":{"line":25,"column":70}},{"start":{"line":25,"column":73},"end":{"line":25,"column":88}}]},"5":{"loc":{"start":{"line":27,"column":30},"end":{"line":27,"column":83}},"type":"cond-expr","locations":[{"start":{"line":27,"column":50},"end":{"line":27,"column":65}},{"start":{"line":27,"column":68},"end":{"line":27,"column":83}}]}},"s":{"0":2,"1":2,"2":2,"3":2,"4":2,"5":3,"6":3,"7":3,"8":9,"9":2},"f":{"0":3,"1":9},"b":{"0":[1,2],"1":[1,2],"2":[3,6],"3":[3,6],"4":[3,6],"5":[3,6]}}
,"/Users/karimourrai/java-journey-portfolio/src/pages/Experience.tsx": {"path":"/Users/karimourrai/java-journey-portfolio/src/pages/Experience.tsx","statementMap":{"0":{"start":{"line":1,"column":0},"end":{"line":1,"column":41}},"1":{"start":{"line":2,"column":0},"end":{"line":2,"column":39}},"2":{"start":{"line":3,"column":0},"end":{"line":3,"column":47}},"3":{"start":{"line":5,"column":19},"end":{"line":84,"column":1}},"4":{"start":{"line":6,"column":20},"end":{"line":6,"column":30}},"5":{"start":{"line":7,"column":16},"end":{"line":7,"column":32}},"6":{"start":{"line":9,"column":22},"end":{"line":42,"column":4}},"7":{"start":{"line":44,"column":2},"end":{"line":83,"column":4}},"8":{"start":{"line":50,"column":12},"end":{"line":50,"column":29}},"9":{"start":{"line":64,"column":20},"end":{"line":64,"column":34}},"10":{"start":{"line":69,"column":20},"end":{"line":70,"column":null}},"11":{"start":{"line":86,"column":0},"end":{"line":86,"column":26}}},"fnMap":{"0":{"name":"(anonymous_0)","decl":{"start":{"line":5,"column":19},"end":{"line":5,"column":22}},"loc":{"start":{"line":5,"column":24},"end":{"line":84,"column":1}}},"1":{"name":"(anonymous_1)","decl":{"start":{"line":49,"column":27},"end":{"line":49,"column":28}},"loc":{"start":{"line":50,"column":12},"end":{"line":50,"column":29}}},"2":{"name":"(anonymous_2)","decl":{"start":{"line":63,"column":82},"end":{"line":63,"column":83}},"loc":{"start":{"line":64,"column":20},"end":{"line":64,"column":34}}},"3":{"name":"(anonymous_3)","decl":{"start":{"line":68,"column":34},"end":{"line":68,"column":35}},"loc":{"start":{"line":69,"column":20},"end":{"line":70,"column":null}}}},"branchMap":{"0":{"loc":{"start":{"line":45,"column":47},"end":{"line":45,"column":97}},"type":"cond-expr","locations":[{"start":{"line":45,"column":67},"end":{"line":45,"column":80}},{"start":{"line":45,"column":83},"end":{"line":45,"column":97}}]},"1":{"loc":{"start":{"line":47,"column":64},"end":{"line":47,"column":114}},"type":"cond-expr","locations":[{"start":{"line":47,"column":84},"end":{"line":47,"column":99}},{"start":{"line":47,"column":102},"end":{"line":47,"column":114}}]},"2":{"loc":{"start":{"line":54,"column":48},"end":{"line":54,"column":105}},"type":"cond-expr","locations":[{"start":{"line":54,"column":68},"end":{"line":54,"column":88}},{"start":{"line":54,"column":91},"end":{"line":54,"column":105}}]},"3":{"loc":{"start":{"line":55,"column":48},"end":{"line":55,"column":98}},"type":"cond-expr","locations":[{"start":{"line":55,"column":68},"end":{"line":55,"column":83}},{"start":{"line":55,"column":86},"end":{"line":55,"column":98}}]},"4":{"loc":{"start":{"line":59,"column":35},"end":{"line":59,"column":88}},"type":"cond-expr","locations":[{"start":{"line":59,"column":55},"end":{"line":59,"column":70}},{"start":{"line":59,"column":73},"end":{"line":59,"column":88}}]},"5":{"loc":{"start":{"line":61,"column":38},"end":{"line":61,"column":91}},"type":"cond-expr","locations":[{"start":{"line":61,"column":58},"end":{"line":61,"column":73}},{"start":{"line":61,"column":76},"end":{"line":61,"column":91}}]},"6":{"loc":{"start":{"line":62,"column":61},"end":{"line":62,"column":114}},"type":"cond-expr","locations":[{"start":{"line":62,"column":81},"end":{"line":62,"column":96}},{"start":{"line":62,"column":99},"end":{"line":62,"column":114}}]},"7":{"loc":{"start":{"line":63,"column":19},"end":{"line":65,"column":27}},"type":"cond-expr","locations":[{"start":{"line":63,"column":57},"end":{"line":65,"column":20}},{"start":{"line":65,"column":23},"end":{"line":65,"column":27}}]}},"s":{"0":1,"1":1,"2":1,"3":1,"4":2,"5":2,"6":2,"7":2,"8":8,"9":0,"10":110,"11":1},"f":{"0":2,"1":8,"2":0,"3":110},"b":{"0":[0,2],"1":[0,2],"2":[0,8],"3":[0,8],"4":[0,8],"5":[0,8],"6":[0,8],"7":[0,8]}}
,"/Users/karimourrai/java-journey-portfolio/src/pages/Home.tsx": {"path":"/Users/karimourrai/java-journey-portfolio/src/pages/Home.tsx","statementMap":{"0":{"start":{"line":1,"column":0},"end":{"line":1,"column":54}},"1":{"start":{"line":2,"column":0},"end":{"line":2,"column":44}},"2":{"start":{"line":3,"column":0},"end":{"line":3,"column":39}},"3":{"start":{"line":4,"column":0},"end":{"line":4,"column":47}},"4":{"start":{"line":5,"column":0},"end":{"line":5,"column":39}},"5":{"start":{"line":6,"column":0},"end":{"line":6,"column":46}},"6":{"start":{"line":8,"column":13},"end":{"line":105,"column":1}},"7":{"start":{"line":9,"column":32},"end":{"line":9,"column":43}},"8":{"start":{"line":10,"column":20},"end":{"line":10,"column":30}},"9":{"start":{"line":11,"column":22},"end":{"line":11,"column":38}},"10":{"start":{"line":12,"column":16},"end":{"line":12,"column":36}},"11":{"start":{"line":14,"column":2},"end":{"line":21,"column":9}},"12":{"start":{"line":15,"column":25},"end":{"line":17,"column":5}},"13":{"start":{"line":16,"column":6},"end":{"line":16,"column":33}},"14":{"start":{"line":19,"column":4},"end":{"line":19,"column":52}},"15":{"start":{"line":20,"column":4},"end":{"line":20,"column":68}},"16":{"start":{"line":20,"column":17},"end":{"line":20,"column":67}},"17":{"start":{"line":23,"column":26},"end":{"line":26,"column":3}},"18":{"start":{"line":24,"column":20},"end":{"line":24,"column":47}},"19":{"start":{"line":25,"column":4},"end":{"line":25,"column":52}},"20":{"start":{"line":28,"column":25},"end":{"line":28,"column":55}},"21":{"start":{"line":30,"column":2},"end":{"line":104,"column":4}},"22":{"start":{"line":92,"column":27},"end":{"line":92,"column":56}},"23":{"start":{"line":107,"column":0},"end":{"line":107,"column":20}}},"fnMap":{"0":{"name":"(anonymous_1)","decl":{"start":{"line":8,"column":13},"end":{"line":8,"column":16}},"loc":{"start":{"line":8,"column":18},"end":{"line":105,"column":1}}},"1":{"name":"(anonymous_2)","decl":{"start":{"line":14,"column":12},"end":{"line":14,"column":15}},"loc":{"start":{"line":14,"column":17},"end":{"line":21,"column":3}}},"2":{"name":"(anonymous_3)","decl":{"start":{"line":15,"column":25},"end":{"line":15,"column":28}},"loc":{"start":{"line":15,"column":30},"end":{"line":17,"column":5}}},"3":{"name":"(anonymous_4)","decl":{"start":{"line":20,"column":11},"end":{"line":20,"column":14}},"loc":{"start":{"line":20,"column":17},"end":{"line":20,"column":67}}},"4":{"name":"(anonymous_5)","decl":{"start":{"line":23,"column":26},"end":{"line":23,"column":27}},"loc":{"start":{"line":23,"column":41},"end":{"line":26,"column":3}}},"5":{"name":"(anonymous_6)","decl":{"start":{"line":92,"column":21},"end":{"line":92,"column":24}},"loc":{"start":{"line":92,"column":27},"end":{"line":92,"column":56}}}},"branchMap":{"0":{"loc":{"start":{"line":25,"column":4},"end":{"line":25,"column":51}},"type":"cond-expr","locations":[{"start":{"line":25,"column":11},"end":{"line":25,"column":13}},{"start":{"line":25,"column":4},"end":{"line":25,"column":51}}]},"1":{"loc":{"start":{"line":25,"column":4},"end":{"line":25,"column":13}},"type":"binary-expr","locations":[{"start":{"line":25,"column":4},"end":{"line":25,"column":13}},{"start":{"line":25,"column":4},"end":{"line":25,"column":13}}]},"2":{"loc":{"start":{"line":31,"column":62},"end":{"line":31,"column":112}},"type":"cond-expr","locations":[{"start":{"line":31,"column":82},"end":{"line":31,"column":95}},{"start":{"line":31,"column":98},"end":{"line":31,"column":112}}]},"3":{"loc":{"start":{"line":33,"column":31},"end":{"line":33,"column":59}},"type":"cond-expr","locations":[{"start":{"line":33,"column":39},"end":{"line":33,"column":48}},{"start":{"line":33,"column":51},"end":{"line":33,"column":59}}]},"4":{"loc":{"start":{"line":33,"column":270},"end":{"line":33,"column":333}},"type":"cond-expr","locations":[{"start":{"line":33,"column":290},"end":{"line":33,"column":310}},{"start":{"line":33,"column":313},"end":{"line":33,"column":333}}]},"5":{"loc":{"start":{"line":36,"column":24},"end":{"line":36,"column":77}},"type":"cond-expr","locations":[{"start":{"line":36,"column":44},"end":{"line":36,"column":59}},{"start":{"line":36,"column":62},"end":{"line":36,"column":77}}]},"6":{"loc":{"start":{"line":45,"column":24},"end":{"line":45,"column":77}},"type":"cond-expr","locations":[{"start":{"line":45,"column":44},"end":{"line":45,"column":59}},{"start":{"line":45,"column":62},"end":{"line":45,"column":77}}]},"7":{"loc":{"start":{"line":54,"column":24},"end":{"line":54,"column":77}},"type":"cond-expr","locations":[{"start":{"line":54,"column":44},"end":{"line":54,"column":59}},{"start":{"line":54,"column":62},"end":{"line":54,"column":77}}]},"8":{"loc":{"start":{"line":65,"column":28},"end":{"line":65,"column":98}},"type":"cond-expr","locations":[{"start":{"line":65,"column":36},"end":{"line":65,"column":64}},{"start":{"line":65,"column":67},"end":{"line":65,"column":98}}]},"9":{"loc":{"start":{"line":69,"column":205},"end":{"line":69,"column":251}},"type":"cond-expr","locations":[{"start":{"line":69,"column":225},"end":{"line":69,"column":236}},{"start":{"line":69,"column":239},"end":{"line":69,"column":251}}]},"10":{"loc":{"start":{"line":73,"column":41},"end":{"line":73,"column":69}},"type":"cond-expr","locations":[{"start":{"line":73,"column":49},"end":{"line":73,"column":58}},{"start":{"line":73,"column":61},"end":{"line":73,"column":69}}]},"11":{"loc":{"start":{"line":73,"column":271},"end":{"line":73,"column":340}},"type":"cond-expr","locations":[{"start":{"line":73,"column":291},"end":{"line":73,"column":302}},{"start":{"line":73,"column":305},"end":{"line":73,"column":340}}]},"12":{"loc":{"start":{"line":79,"column":32},"end":{"line":79,"column":63}},"type":"cond-expr","locations":[{"start":{"line":79,"column":40},"end":{"line":79,"column":50}},{"start":{"line":79,"column":53},"end":{"line":79,"column":63}}]},"13":{"loc":{"start":{"line":80,"column":37},"end":{"line":80,"column":91}},"type":"cond-expr","locations":[{"start":{"line":80,"column":45},"end":{"line":80,"column":68}},{"start":{"line":80,"column":71},"end":{"line":80,"column":91}}]},"14":{"loc":{"start":{"line":81,"column":54},"end":{"line":81,"column":104}},"type":"cond-expr","locations":[{"start":{"line":81,"column":74},"end":{"line":81,"column":89}},{"start":{"line":81,"column":92},"end":{"line":81,"column":104}}]},"15":{"loc":{"start":{"line":82,"column":64},"end":{"line":82,"column":114}},"type":"cond-expr","locations":[{"start":{"line":82,"column":84},"end":{"line":82,"column":99}},{"start":{"line":82,"column":102},"end":{"line":82,"column":114}}]},"16":{"loc":{"start":{"line":84,"column":51},"end":{"line":84,"column":101}},"type":"cond-expr","locations":[{"start":{"line":84,"column":71},"end":{"line":84,"column":86}},{"start":{"line":84,"column":89},"end":{"line":84,"column":101}}]},"17":{"loc":{"start":{"line":86,"column":51},"end":{"line":86,"column":101}},"type":"cond-expr","locations":[{"start":{"line":86,"column":71},"end":{"line":86,"column":86}},{"start":{"line":86,"column":89},"end":{"line":86,"column":101}}]},"18":{"loc":{"start":{"line":88,"column":63},"end":{"line":88,"column":116}},"type":"cond-expr","locations":[{"start":{"line":88,"column":83},"end":{"line":88,"column":98}},{"start":{"line":88,"column":101},"end":{"line":88,"column":116}}]},"19":{"loc":{"start":{"line":93,"column":180},"end":{"line":93,"column":216}},"type":"cond-expr","locations":[{"start":{"line":93,"column":200},"end":{"line":93,"column":211}},{"start":{"line":93,"column":214},"end":{"line":93,"column":216}}]}},"s":{"0":2,"1":2,"2":2,"3":2,"4":2,"5":2,"6":2,"7":3,"8":3,"9":3,"10":3,"11":3,"12":2,"13":0,"14":2,"15":2,"16":2,"17":3,"18":0,"19":0,"20":3,"21":3,"22":0,"23":2},"f":{"0":3,"1":2,"2":0,"3":2,"4":0,"5":0},"b":{"0":[0,0],"1":[0,0],"2":[0,3],"3":[0,3],"4":[0,3],"5":[0,3],"6":[0,3],"7":[0,3],"8":[0,3],"9":[0,3],"10":[0,3],"11":[0,3],"12":[0,3],"13":[0,3],"14":[0,3],"15":[0,3],"16":[0,3],"17":[0,3],"18":[0,3],"19":[0,3]}}
,"/Users/karimourrai/java-journey-portfolio/src/pages/Skills.tsx": {"path":"/Users/karimourrai/java-journey-portfolio/src/pages/Skills.tsx","statementMap":{"0":{"start":{"line":1,"column":0},"end":{"line":1,"column":39}},"1":{"start":{"line":2,"column":0},"end":{"line":2,"column":47}},"2":{"start":{"line":3,"column":0},"end":{"line":3,"column":49}},"3":{"start":{"line":4,"column":0},"end":{"line":4,"column":48}},"4":{"start":{"line":6,"column":15},"end":{"line":32,"column":1}},"5":{"start":{"line":7,"column":20},"end":{"line":7,"column":30}},"6":{"start":{"line":8,"column":16},"end":{"line":8,"column":32}},"7":{"start":{"line":10,"column":2},"end":{"line":31,"column":4}},"8":{"start":{"line":17,"column":12},"end":{"line":17,"column":32}},"9":{"start":{"line":23,"column":18},"end":{"line":23,"column":40}},"10":{"start":{"line":34,"column":0},"end":{"line":34,"column":22}}},"fnMap":{"0":{"name":"(anonymous_1)","decl":{"start":{"line":6,"column":15},"end":{"line":6,"column":18}},"loc":{"start":{"line":6,"column":20},"end":{"line":32,"column":1}}},"1":{"name":"(anonymous_2)","decl":{"start":{"line":16,"column":42},"end":{"line":16,"column":43}},"loc":{"start":{"line":17,"column":12},"end":{"line":17,"column":32}}},"2":{"name":"(anonymous_3)","decl":{"start":{"line":22,"column":44},"end":{"line":22,"column":45}},"loc":{"start":{"line":23,"column":18},"end":{"line":23,"column":40}}}},"branchMap":{"0":{"loc":{"start":{"line":11,"column":47},"end":{"line":11,"column":97}},"type":"cond-expr","locations":[{"start":{"line":11,"column":67},"end":{"line":11,"column":80}},{"start":{"line":11,"column":83},"end":{"line":11,"column":97}}]},"1":{"loc":{"start":{"line":13,"column":64},"end":{"line":13,"column":114}},"type":"cond-expr","locations":[{"start":{"line":13,"column":84},"end":{"line":13,"column":99}},{"start":{"line":13,"column":102},"end":{"line":13,"column":114}}]},"2":{"loc":{"start":{"line":17,"column":61},"end":{"line":17,"column":118}},"type":"cond-expr","locations":[{"start":{"line":17,"column":81},"end":{"line":17,"column":101}},{"start":{"line":17,"column":104},"end":{"line":17,"column":118}}]},"3":{"loc":{"start":{"line":18,"column":46},"end":{"line":18,"column":96}},"type":"cond-expr","locations":[{"start":{"line":18,"column":66},"end":{"line":18,"column":81}},{"start":{"line":18,"column":84},"end":{"line":18,"column":96}}]}},"s":{"0":2,"1":2,"2":2,"3":2,"4":2,"5":3,"6":3,"7":3,"8":9,"9":72,"10":2},"f":{"0":3,"1":9,"2":72},"b":{"0":[1,2],"1":[1,2],"2":[3,6],"3":[3,6]}}
}
