TN:
SF:src/App.tsx
FN:12,(anonymous_1)
FNF:1
FNH:1
FNDA:1,(anonymous_1)
DA:1,1
DA:2,1
DA:3,1
DA:4,1
DA:5,1
DA:6,1
DA:7,1
DA:8,1
DA:9,1
DA:10,1
DA:12,1
DA:13,1
DA:37,1
LF:13
LH:13
BRF:0
BRH:0
end_of_record
TN:
SF:src/components/Footer.tsx
FN:4,(anonymous_0)
FNF:1
FNH:1
FNDA:3,(anonymous_0)
DA:1,2
DA:2,2
DA:4,2
DA:5,3
DA:6,3
DA:7,3
DA:9,3
DA:18,2
LF:8
LH:8
BRDA:10,0,0,1
BRDA:10,0,1,2
BRDA:10,1,0,1
BRDA:10,1,1,2
BRF:4
BRH:4
end_of_record
TN:
SF:src/components/LanguageSwitcher.tsx
FN:5,(anonymous_0)
FN:15,(anonymous_1)
FN:28,(anonymous_2)
FN:48,(anonymous_3)
FNF:4
FNH:2
FNDA:2,(anonymous_0)
FNDA:0,(anonymous_1)
FNDA:0,(anonymous_2)
FNDA:6,(anonymous_3)
DA:1,1
DA:2,1
DA:3,1
DA:5,1
DA:6,2
DA:7,2
DA:9,2
DA:15,2
DA:16,0
DA:18,0
DA:21,2
DA:28,0
DA:49,6
DA:65,1
LF:14
LH:11
BRDA:18,0,0,0
BRDA:18,0,1,0
BRDA:23,1,0,0
BRDA:23,1,1,2
BRDA:24,2,0,0
BRDA:24,2,1,2
BRDA:32,3,0,0
BRDA:32,3,1,2
BRDA:42,4,0,0
BRDA:42,4,1,2
BRDA:53,5,0,0
BRDA:53,5,1,6
BRDA:54,6,0,0
BRDA:54,6,1,6
BRF:14
BRH:6
end_of_record
TN:
SF:src/components/Navigation.tsx
FN:8,(anonymous_1)
FN:14,(anonymous_2)
FN:25,(anonymous_3)
FN:47,(anonymous_4)
FN:53,(anonymous_5)
FN:59,(anonymous_6)
FN:65,(anonymous_7)
FN:81,(anonymous_8)
FNF:8
FNH:1
FNDA:2,(anonymous_1)
FNDA:0,(anonymous_2)
FNDA:0,(anonymous_3)
FNDA:0,(anonymous_4)
FNDA:0,(anonymous_5)
FNDA:0,(anonymous_6)
FNDA:0,(anonymous_7)
FNDA:0,(anonymous_8)
DA:1,1
DA:2,1
DA:3,1
DA:4,1
DA:5,1
DA:6,1
DA:8,1
DA:9,2
DA:10,2
DA:11,2
DA:12,2
DA:14,2
DA:15,0
DA:16,0
DA:17,0
DA:20,2
DA:25,0
DA:47,0
DA:53,0
DA:59,0
DA:65,0
DA:81,0
DA:88,1
LF:23
LH:14
BRDA:16,0,0,0
BRDA:16,0,1,0
BRDA:16,1,0,0
BRDA:16,1,1,0
BRDA:23,2,0,0
BRDA:23,2,1,2
BRDA:29,3,0,0
BRDA:29,3,1,2
BRDA:39,4,0,0
BRDA:39,4,1,2
BRDA:40,5,0,0
BRDA:40,5,1,2
BRDA:42,6,0,0
BRDA:42,6,1,2
BRDA:43,7,0,0
BRDA:43,7,1,2
BRDA:43,8,0,2
BRDA:43,8,1,0
BRDA:48,9,0,0
BRDA:48,9,1,2
BRDA:48,10,0,0
BRDA:48,10,1,2
BRDA:54,11,0,0
BRDA:54,11,1,2
BRDA:54,12,0,0
BRDA:54,12,1,2
BRDA:60,13,0,0
BRDA:60,13,1,2
BRDA:60,14,0,0
BRDA:60,14,1,2
BRDA:66,15,0,0
BRDA:66,15,1,2
BRDA:66,16,0,0
BRDA:66,16,1,2
BRDA:70,17,0,0
BRDA:70,17,1,2
BRDA:78,18,0,2
BRDA:78,18,1,0
BRF:38
BRH:17
end_of_record
TN:
SF:src/components/ParticleGrid.tsx
FN:17,(anonymous_0)
FN:31,(anonymous_1)
FN:81,(anonymous_2)
FN:115,(anonymous_3)
FN:137,(anonymous_4)
FN:146,(anonymous_5)
FN:153,(anonymous_6)
FN:158,(anonymous_7)
FN:171,(anonymous_8)
FN:180,(anonymous_9)
FN:191,(anonymous_10)
FN:196,(anonymous_11)
FN:202,(anonymous_12)
FN:214,(anonymous_13)
FNF:14
FNH:12
FNDA:532,(anonymous_0)
FNDA:532,(anonymous_1)
FNDA:532,(anonymous_2)
FNDA:141512,(anonymous_3)
FNDA:3,(anonymous_4)
FNDA:2,(anonymous_5)
FNDA:2,(anonymous_6)
FNDA:2,(anonymous_7)
FNDA:2,(anonymous_8)
FNDA:532,(anonymous_9)
FNDA:0,(anonymous_10)
FNDA:0,(anonymous_11)
FNDA:2,(anonymous_12)
FNDA:2,(anonymous_13)
DA:1,2
DA:2,2
DA:18,532
DA:19,532
DA:20,532
DA:21,532
DA:22,532
DA:23,532
DA:24,532
DA:25,532
DA:26,532
DA:27,532
DA:28,532
DA:32,532
DA:33,532
DA:34,532
DA:35,532
DA:38,532
DA:39,532
DA:42,532
DA:44,2
DA:45,2
DA:47,2
DA:48,2
DA:49,2
DA:51,2
DA:52,2
DA:54,530
DA:55,530
DA:59,532
DA:62,532
DA:63,532
DA:66,532
DA:67,532
DA:70,532
DA:71,532
DA:72,0
DA:73,0
DA:77,532
DA:78,532
DA:82,532
DA:83,532
DA:86,532
DA:87,2
DA:92,2
DA:96,2
DA:97,2
DA:99,2
DA:100,2
DA:101,2
DA:102,2
DA:106,532
DA:107,532
DA:108,532
DA:109,532
DA:112,532
DA:113,532
DA:115,532
DA:116,141512
DA:118,140980
DA:119,140980
DA:120,140980
DA:122,140980
DA:123,1996
DA:124,1996
DA:127,1996
DA:128,1996
DA:129,1996
DA:130,1996
DA:131,1996
DA:137,2
DA:138,3
DA:139,3
DA:140,3
DA:141,3
DA:142,3
DA:143,3
DA:144,3
DA:146,3
DA:147,2
DA:148,2
DA:150,2
DA:151,2
DA:153,2
DA:154,2
DA:155,2
DA:158,2
DA:159,2
DA:160,2
DA:161,2
DA:164,2
DA:165,28
DA:166,532
DA:171,2
DA:172,2
DA:174,2
DA:176,2
DA:180,2
DA:181,532
DA:182,532
DA:186,2
DA:188,2
DA:191,2
DA:192,0
DA:193,0
DA:196,2
DA:197,0
DA:198,0
DA:199,0
DA:202,2
DA:203,2
DA:204,2
DA:207,2
DA:208,2
DA:209,2
DA:211,2
DA:212,2
DA:214,2
DA:215,2
DA:216,2
DA:217,2
DA:218,2
DA:219,2
DA:224,3
DA:233,2
LF:125
LH:118
BRDA:42,0,0,2
BRDA:42,0,1,530
BRDA:71,1,0,0
BRDA:83,2,0,0
BRDA:86,3,0,2
BRDA:92,4,0,0
BRDA:92,4,1,2
BRDA:116,5,0,532
BRDA:122,6,0,1996
BRDA:124,7,0,0
BRDA:124,7,1,1996
BRDA:148,8,0,0
BRDA:151,9,0,0
BRDA:172,10,0,0
BRDA:172,11,0,2
BRDA:172,11,1,2
BRDA:176,12,0,0
BRDA:176,12,1,2
BRDA:182,13,0,532
BRDA:182,13,1,266
BRDA:218,14,0,2
BRF:21
BRH:13
end_of_record
TN:
SF:src/components/SkillLogos.tsx
FN:9,(anonymous_0)
FNF:1
FNH:1
FNDA:72,(anonymous_0)
DA:1,2
DA:9,2
DA:10,72
DA:12,72
DA:30,2
DA:66,2
LF:6
LH:6
BRDA:9,0,0,72
BRDA:15,1,0,24
BRDA:15,1,1,48
BRF:3
BRH:3
end_of_record
TN:
SF:src/components/TechCube.tsx
FN:18,(anonymous_0)
FN:24,(anonymous_1)
FN:25,(anonymous_2)
FN:36,(anonymous_3)
FN:44,(anonymous_4)
FN:58,(anonymous_5)
FNF:6
FNH:4
FNDA:3,(anonymous_0)
FNDA:2,(anonymous_1)
FNDA:0,(anonymous_2)
FNDA:0,(anonymous_3)
FNDA:2,(anonymous_4)
FNDA:18,(anonymous_5)
DA:1,2
DA:2,2
DA:9,2
DA:18,2
DA:19,3
DA:20,3
DA:21,3
DA:22,3
DA:24,3
DA:25,2
DA:26,0
DA:28,0
DA:29,0
DA:30,0
DA:32,0
DA:33,0
DA:36,0
DA:37,0
DA:38,0
DA:42,2
DA:44,2
DA:45,2
DA:49,3
DA:58,18
DA:87,2
LF:25
LH:16
BRDA:26,0,0,0
BRDA:32,1,0,0
BRDA:62,2,0,0
BRDA:62,2,1,18
BRDA:66,3,0,3
BRDA:66,3,1,15
BRDA:67,4,0,3
BRDA:67,4,1,15
BRDA:68,5,0,3
BRDA:68,5,1,15
BRDA:69,6,0,3
BRDA:69,6,1,15
BRDA:70,7,0,3
BRDA:70,7,1,15
BRDA:71,8,0,3
BRDA:71,8,1,15
BRDA:77,9,0,18
BRDA:77,9,1,0
BRDA:77,10,0,0
BRDA:77,10,1,18
BRDA:77,11,0,18
BRDA:77,11,1,18
BRF:22
BRH:17
end_of_record
TN:
SF:src/components/ThemeToggle.tsx
FN:5,(anonymous_0)
FN:10,(anonymous_1)
FN:20,(anonymous_2)
FNF:3
FNH:2
FNDA:2,(anonymous_0)
FNDA:1,(anonymous_1)
FNDA:0,(anonymous_2)
DA:1,1
DA:2,1
DA:3,1
DA:5,1
DA:6,2
DA:7,2
DA:10,2
DA:11,1
DA:14,2
DA:15,1
DA:18,1
DA:20,0
DA:37,1
LF:13
LH:12
BRDA:14,0,0,1
BRDA:20,1,0,0
BRDA:20,1,1,0
BRDA:22,2,0,1
BRDA:22,2,1,0
BRDA:28,3,0,1
BRDA:28,3,1,0
BRF:7
BRH:3
end_of_record
TN:
SF:src/data/education.ts
FNF:0
FNH:0
DA:1,2
LF:1
LH:1
BRF:0
BRH:0
end_of_record
TN:
SF:src/data/skillLogos.ts
FNF:0
FNH:0
DA:1,2
LF:1
LH:1
BRF:0
BRH:0
end_of_record
TN:
SF:src/i18n/i18n.ts
FNF:0
FNH:0
DA:1,1
DA:2,1
DA:3,1
DA:4,1
DA:5,1
DA:6,1
DA:8,1
DA:30,1
LF:8
LH:8
BRF:0
BRH:0
end_of_record
TN:
SF:src/pages/Contact.tsx
FN:5,(anonymous_0)
FNF:1
FNH:1
FNDA:3,(anonymous_0)
DA:1,2
DA:2,2
DA:3,2
DA:5,2
DA:6,3
DA:7,3
DA:9,3
DA:66,2
LF:8
LH:8
BRDA:10,0,0,1
BRDA:10,0,1,2
BRDA:12,1,0,1
BRDA:12,1,1,2
BRDA:17,2,0,1
BRDA:17,2,1,2
BRDA:24,3,0,1
BRDA:24,3,1,2
BRDA:25,4,0,1
BRDA:25,4,1,2
BRDA:33,5,0,1
BRDA:33,5,1,2
BRDA:40,6,0,1
BRDA:40,6,1,2
BRDA:41,7,0,1
BRDA:41,7,1,2
BRDA:49,8,0,1
BRDA:49,8,1,2
BRDA:56,9,0,1
BRDA:56,9,1,2
BRDA:57,10,0,1
BRDA:57,10,1,2
BRF:22
BRH:22
end_of_record
TN:
SF:src/pages/Education.tsx
FN:6,(anonymous_0)
FN:15,(anonymous_1)
FNF:2
FNH:2
FNDA:3,(anonymous_0)
FNDA:9,(anonymous_1)
DA:1,2
DA:2,2
DA:3,2
DA:4,2
DA:6,2
DA:7,3
DA:8,3
DA:10,3
DA:16,9
DA:37,2
LF:10
LH:10
BRDA:11,0,0,1
BRDA:11,0,1,2
BRDA:13,1,0,1
BRDA:13,1,1,2
BRDA:20,2,0,3
BRDA:20,2,1,6
BRDA:21,3,0,3
BRDA:21,3,1,6
BRDA:25,4,0,3
BRDA:25,4,1,6
BRDA:27,5,0,3
BRDA:27,5,1,6
BRF:12
BRH:12
end_of_record
TN:
SF:src/pages/Experience.tsx
FN:5,(anonymous_0)
FN:49,(anonymous_1)
FN:63,(anonymous_2)
FN:68,(anonymous_3)
FNF:4
FNH:3
FNDA:2,(anonymous_0)
FNDA:8,(anonymous_1)
FNDA:0,(anonymous_2)
FNDA:110,(anonymous_3)
DA:1,1
DA:2,1
DA:3,1
DA:5,1
DA:6,2
DA:7,2
DA:9,2
DA:44,2
DA:50,8
DA:64,0
DA:69,110
DA:86,1
LF:12
LH:11
BRDA:45,0,0,0
BRDA:45,0,1,2
BRDA:47,1,0,0
BRDA:47,1,1,2
BRDA:54,2,0,0
BRDA:54,2,1,8
BRDA:55,3,0,0
BRDA:55,3,1,8
BRDA:59,4,0,0
BRDA:59,4,1,8
BRDA:61,5,0,0
BRDA:61,5,1,8
BRDA:62,6,0,0
BRDA:62,6,1,8
BRDA:63,7,0,0
BRDA:63,7,1,8
BRF:16
BRH:8
end_of_record
TN:
SF:src/pages/Home.tsx
FN:8,(anonymous_1)
FN:14,(anonymous_2)
FN:15,(anonymous_3)
FN:20,(anonymous_4)
FN:23,(anonymous_5)
FN:92,(anonymous_6)
FNF:6
FNH:3
FNDA:3,(anonymous_1)
FNDA:2,(anonymous_2)
FNDA:0,(anonymous_3)
FNDA:2,(anonymous_4)
FNDA:0,(anonymous_5)
FNDA:0,(anonymous_6)
DA:1,2
DA:2,2
DA:3,2
DA:4,2
DA:5,2
DA:6,2
DA:8,2
DA:9,3
DA:10,3
DA:11,3
DA:12,3
DA:14,3
DA:15,2
DA:16,0
DA:19,2
DA:20,2
DA:23,3
DA:24,0
DA:25,0
DA:28,3
DA:30,3
DA:92,0
DA:107,2
LF:23
LH:19
BRDA:25,0,0,0
BRDA:25,0,1,0
BRDA:25,1,0,0
BRDA:25,1,1,0
BRDA:31,2,0,0
BRDA:31,2,1,3
BRDA:33,3,0,0
BRDA:33,3,1,3
BRDA:33,4,0,0
BRDA:33,4,1,3
BRDA:36,5,0,0
BRDA:36,5,1,3
BRDA:45,6,0,0
BRDA:45,6,1,3
BRDA:54,7,0,0
BRDA:54,7,1,3
BRDA:65,8,0,0
BRDA:65,8,1,3
BRDA:69,9,0,0
BRDA:69,9,1,3
BRDA:73,10,0,0
BRDA:73,10,1,3
BRDA:73,11,0,0
BRDA:73,11,1,3
BRDA:79,12,0,0
BRDA:79,12,1,3
BRDA:80,13,0,0
BRDA:80,13,1,3
BRDA:81,14,0,0
BRDA:81,14,1,3
BRDA:82,15,0,0
BRDA:82,15,1,3
BRDA:84,16,0,0
BRDA:84,16,1,3
BRDA:86,17,0,0
BRDA:86,17,1,3
BRDA:88,18,0,0
BRDA:88,18,1,3
BRDA:93,19,0,0
BRDA:93,19,1,3
BRF:40
BRH:18
end_of_record
TN:
SF:src/pages/Skills.tsx
FN:6,(anonymous_1)
FN:16,(anonymous_2)
FN:22,(anonymous_3)
FNF:3
FNH:3
FNDA:3,(anonymous_1)
FNDA:9,(anonymous_2)
FNDA:72,(anonymous_3)
DA:1,2
DA:2,2
DA:3,2
DA:4,2
DA:6,2
DA:7,3
DA:8,3
DA:10,3
DA:17,9
DA:23,72
DA:34,2
LF:11
LH:11
BRDA:11,0,0,1
BRDA:11,0,1,2
BRDA:13,1,0,1
BRDA:13,1,1,2
BRDA:17,2,0,3
BRDA:17,2,1,6
BRDA:18,3,0,3
BRDA:18,3,1,6
BRF:8
BRH:8
end_of_record
